\BOOKMARK [0][-]{chapter*.2}{List of Tables}{}% 1
\BOOKMARK [0][-]{chapter*.3}{List of Figures}{}% 2
\BOOKMARK [0][-]{chapter.1}{Introduction}{}% 3
\BOOKMARK [0][-]{chapter.2}{Background}{}% 4
\BOOKMARK [1][-]{section.2.1}{Counting and point processes}{chapter.2}% 5
\BOOKMARK [1][-]{section.2.2}{Non-homogeneous Poisson processes}{chapter.2}% 6
\BOOKMARK [1][-]{section.2.3}{Conditional intensity functions}{chapter.2}% 7
\BOOKMARK [0][-]{chapter.3}{Hawkes Process}{}% 8
\BOOKMARK [1][-]{section.3.1}{Hawkes process definition}{chapter.3}% 9
\BOOKMARK [1][-]{section.3.2}{Intensity-based Hawkes Process Model}{chapter.3}% 10
\BOOKMARK [2][-]{subsection.3.2.1}{Hawkes conditional intensity function}{section.3.2}% 11
\BOOKMARK [2][-]{subsection.3.2.2}{Algorithm}{section.3.2}% 12
\BOOKMARK [2][-]{subsection.3.2.3}{Example}{section.3.2}% 13
\BOOKMARK [1][-]{section.3.3}{Cluster-based Hawkes Process Model}{chapter.3}% 14
\BOOKMARK [2][-]{subsection.3.3.1}{Immigration\205birth representation}{section.3.3}% 15
\BOOKMARK [2][-]{subsection.3.3.2}{Algorithm}{section.3.3}% 16
\BOOKMARK [2][-]{subsection.3.3.3}{Example}{section.3.3}% 17
\BOOKMARK [0][-]{chapter.4}{Applications}{}% 18
\BOOKMARK [1][-]{section.4.1}{Seismic Events}{chapter.4}% 19
\BOOKMARK [1][-]{section.4.2}{ Risk Process with Hawkes Process}{chapter.4}% 20
\BOOKMARK [0][-]{chapter.5}{Conclusion}{}% 21
\BOOKMARK [0][-]{chapter.5}{References}{}% 22
